ARM GAS  /tmp/ccJTej0P.s 			page 1


   1              		.cpu cortex-m3
   2              		.eabi_attribute 20, 1
   3              		.eabi_attribute 21, 1
   4              		.eabi_attribute 23, 3
   5              		.eabi_attribute 24, 1
   6              		.eabi_attribute 25, 1
   7              		.eabi_attribute 26, 1
   8              		.eabi_attribute 30, 1
   9              		.eabi_attribute 34, 1
  10              		.eabi_attribute 18, 4
  11              		.file	"main.c"
  12              		.text
  13              	.Ltext0:
  14              		.cfi_sections	.debug_frame
  15              		.section	.text.main,"ax",%progbits
  16              		.align	1
  17              		.global	main
  18              		.arch armv7-m
  19              		.syntax unified
  20              		.thumb
  21              		.thumb_func
  22              		.fpu softvfp
  24              	main:
  25              	.LFB0:
  26              		.file 1 "Core/Src/main.c"
   1:Core/Src/main.c **** #include <stdint.h>
   2:Core/Src/main.c **** #include "stm32f1xx.h"
   3:Core/Src/main.c **** 
   4:Core/Src/main.c **** 
   5:Core/Src/main.c **** void HardFault_Handler();
   6:Core/Src/main.c **** 
   7:Core/Src/main.c **** int main(void)
   8:Core/Src/main.c **** {
  27              		.loc 1 8 1 view -0
  28              		.cfi_startproc
  29              		@ Volatile: function does not return.
  30              		@ args = 0, pretend = 0, frame = 0
  31              		@ frame_needed = 0, uses_anonymous_args = 0
  32              		@ link register save eliminated.
   9:Core/Src/main.c **** 
  10:Core/Src/main.c ****   GPIOC_PCLOCK_EN();
  33              		.loc 1 10 3 view .LVU1
  34 0000 024A     		ldr	r2, .L3
  35 0002 9369     		ldr	r3, [r2, #24]
  36 0004 43F01003 		orr	r3, r3, #16
  37 0008 9361     		str	r3, [r2, #24]
  38              	.L2:
  11:Core/Src/main.c ****   
  12:Core/Src/main.c **** 
  13:Core/Src/main.c ****   while (1)
  39              		.loc 1 13 3 discriminator 1 view .LVU2
  14:Core/Src/main.c ****   {
  15:Core/Src/main.c **** 
  16:Core/Src/main.c ****   }
  40              		.loc 1 16 3 discriminator 1 view .LVU3
  13:Core/Src/main.c ****   {
  41              		.loc 1 13 9 discriminator 1 view .LVU4
ARM GAS  /tmp/ccJTej0P.s 			page 2


  42 000a FEE7     		b	.L2
  43              	.L4:
  44              		.align	2
  45              	.L3:
  46 000c 00100240 		.word	1073876992
  47              		.cfi_endproc
  48              	.LFE0:
  50              		.section	.text.HardFault_Handler,"ax",%progbits
  51              		.align	1
  52              		.global	HardFault_Handler
  53              		.syntax unified
  54              		.thumb
  55              		.thumb_func
  56              		.fpu softvfp
  58              	HardFault_Handler:
  59              	.LFB1:
  17:Core/Src/main.c **** }
  18:Core/Src/main.c **** 
  19:Core/Src/main.c **** 
  20:Core/Src/main.c **** void HardFault_Handler(){
  60              		.loc 1 20 25 view -0
  61              		.cfi_startproc
  62              		@ args = 0, pretend = 0, frame = 0
  63              		@ frame_needed = 0, uses_anonymous_args = 0
  64              		@ link register save eliminated.
  21:Core/Src/main.c **** 
  22:Core/Src/main.c **** 
  23:Core/Src/main.c ****   int test =0;
  65              		.loc 1 23 3 view .LVU6
  66              	.LVL0:
  24:Core/Src/main.c **** 
  25:Core/Src/main.c ****   test |= test;
  67              		.loc 1 25 3 view .LVU7
  26:Core/Src/main.c **** 
  27:Core/Src/main.c **** }...
  68              		.loc 1 27 1 is_stmt 0 view .LVU8
  69 0000 7047     		bx	lr
  70              		.cfi_endproc
  71              	.LFE1:
  73              		.text
  74              	.Letext0:
  75              		.file 2 "Drivers/Inc/stm32f1xx.h"
  76              		.file 3 "/usr/lib/gcc/arm-none-eabi/10.3.1/include/stdint.h"
ARM GAS  /tmp/ccJTej0P.s 			page 3


DEFINED SYMBOLS
                            *ABS*:0000000000000000 main.c
     /tmp/ccJTej0P.s:16     .text.main:0000000000000000 $t
     /tmp/ccJTej0P.s:24     .text.main:0000000000000000 main
     /tmp/ccJTej0P.s:46     .text.main:000000000000000c $d
     /tmp/ccJTej0P.s:51     .text.HardFault_Handler:0000000000000000 $t
     /tmp/ccJTej0P.s:58     .text.HardFault_Handler:0000000000000000 HardFault_Handler

NO UNDEFINED SYMBOLS
